<?xml version="1.0" encoding="UTF-8"?>
<!-- Generated by org.testng.reporters.JUnitReportReporter -->
<testsuite skipped="0" hostname="hp" name="org.test.TestCase" tests="1" failures="0" timestamp="19 Nov 2020 03:55:49 GMT" time="9.337" errors="0">
  <testcase name="browser" time="9.337" classname="org.test.TestCase"/>
</testsuite> <!-- org.test.TestCase -->
