<?xml version="1.0" encoding="UTF-8"?>
<!-- Generated by org.testng.reporters.JUnitReportReporter -->
<testsuite skipped="0" hostname="hp" name="org.test.TestAssert" tests="1" failures="0" timestamp="05 Nov 2020 03:22:20 GMT" time="11.648" errors="0">
  <testcase name="browserLaunch" time="11.648" classname="org.test.TestAssert"/>
</testsuite> <!-- org.test.TestAssert -->
